Change Component Footprint: Designator=C6 Old Footprint=JP4-C1T New Footprint=JP3-D1T
Change Component Footprint: Designator=C7 Old Footprint=JP4-C1T New Footprint=JP3-D1T
Change Component Footprint: Designator=C8 Old Footprint=JP4-C1T New Footprint=JP3-D1T
Change Component Comment : Designator=C6 Old Comment=MQ2 New Comment=JP3
Change Component Comment : Designator=C7 Old Comment=MQ2 New Comment=JP3
Change Component Comment : Designator=C8 Old Comment=MQ2 New Comment=JP3
Change component parameters: Designator = "C6"; Footprint = "JP3-D1T"; UniqueID = "\QUAEZPEQ"
Change component parameters. Clean all parameters for all variants
Change component parameters (AddParameter): Name = "ComponentLink1 Description"; Value = "Manufacturer"; VariantName = "[No Variations]"
Change component parameters (AddParameter): Name = "ComponentLink1URL"; Value = "http://www.we-online.com"; VariantName = "[No Variations]"
Change component parameters (AddParameter): Name = "ComponentLink2 Description"; Value = "Datasheet"; VariantName = "[No Variations]"
Change component parameters (AddParameter): Name = "ComponentLink2URL"; Value = "http://katalog.we-online.de/em/datasheet/6130xx143121.pdf"; VariantName = "[No Variations]"
Change component parameters (AddParameter): Name = "Created by"; Value = "Karrer Zheng"; VariantName = "[No Variations]"
Change component parameters (AddParameter): Name = "Created Date"; Value = "29 March 2013"; VariantName = "[No Variations]"
Change component parameters (AddParameter): Name = "Manufacturer"; Value = "W¨¹rth Elektronik eiSos GmbH"; VariantName = "[No Variations]"
Change component parameters (AddParameter): Name = "NoPins"; Value = "03"; VariantName = "[No Variations]"
Change component parameters (AddParameter): Name = "partNo"; Value = "613003143121"; VariantName = "[No Variations]"
Change component parameters: Designator = "C7"; Footprint = "JP3-D1T"; UniqueID = "\SNPKZSFK"
Change component parameters. Clean all parameters for all variants
Change component parameters (AddParameter): Name = "ComponentLink1 Description"; Value = "Manufacturer"; VariantName = "[No Variations]"
Change component parameters (AddParameter): Name = "ComponentLink1URL"; Value = "http://www.we-online.com"; VariantName = "[No Variations]"
Change component parameters (AddParameter): Name = "ComponentLink2 Description"; Value = "Datasheet"; VariantName = "[No Variations]"
Change component parameters (AddParameter): Name = "ComponentLink2URL"; Value = "http://katalog.we-online.de/em/datasheet/6130xx143121.pdf"; VariantName = "[No Variations]"
Change component parameters (AddParameter): Name = "Created by"; Value = "Karrer Zheng"; VariantName = "[No Variations]"
Change component parameters (AddParameter): Name = "Created Date"; Value = "29 March 2013"; VariantName = "[No Variations]"
Change component parameters (AddParameter): Name = "Manufacturer"; Value = "W¨¹rth Elektronik eiSos GmbH"; VariantName = "[No Variations]"
Change component parameters (AddParameter): Name = "NoPins"; Value = "03"; VariantName = "[No Variations]"
Change component parameters (AddParameter): Name = "partNo"; Value = "613003143121"; VariantName = "[No Variations]"
Change component parameters: Designator = "C8"; Footprint = "JP3-D1T"; UniqueID = "\LGIJKLTU"
Change component parameters. Clean all parameters for all variants
Change component parameters (AddParameter): Name = "ComponentLink1 Description"; Value = "Manufacturer"; VariantName = "[No Variations]"
Change component parameters (AddParameter): Name = "ComponentLink1URL"; Value = "http://www.we-online.com"; VariantName = "[No Variations]"
Change component parameters (AddParameter): Name = "ComponentLink2 Description"; Value = "Datasheet"; VariantName = "[No Variations]"
Change component parameters (AddParameter): Name = "ComponentLink2URL"; Value = "http://katalog.we-online.de/em/datasheet/6130xx143121.pdf"; VariantName = "[No Variations]"
Change component parameters (AddParameter): Name = "Created by"; Value = "Karrer Zheng"; VariantName = "[No Variations]"
Change component parameters (AddParameter): Name = "Created Date"; Value = "29 March 2013"; VariantName = "[No Variations]"
Change component parameters (AddParameter): Name = "Manufacturer"; Value = "W¨¹rth Elektronik eiSos GmbH"; VariantName = "[No Variations]"
Change component parameters (AddParameter): Name = "NoPins"; Value = "03"; VariantName = "[No Variations]"
Change component parameters (AddParameter): Name = "partNo"; Value = "613003143121"; VariantName = "[No Variations]"
Added Component: Designator=Cx1(CN-SMD-1206)
Add component. Clean all parameters for all variants
Add component (AddParameter): Name = "Value"; Value = "33pF"; VariantName = "[No Variations]"
Added Pin To Net: NetName=GND Pin=Cx1-1
Added Pin To Net: NetName=+5V Pin=Cx1-2
Added Member To Class: ClassName=ESP 32 BANG TAI Member=Component C1 1000uF/16V
Added Member To Class: ClassName=ESP 32 BANG TAI Member=Component C3 1000uF/16V
Added Member To Class: ClassName=ESP 32 BANG TAI Member=Component C7 JP3
Added Member To Class: ClassName=ESP 32 BANG TAI Member=Component Cx1 XXpF
Added Room: Name=ESP 32 BANG TAI
