Added Component: Designator=C1(330uF_35V_Alu)
Add component. Clean all parameters for all variants
Add component (AddParameter): Name = "Description 1"; Value = "2200uF-3300uF/6,3V - 1000uF-2200uF/10V"; VariantName = "[No Variations]"
Add component (AddParameter): Name = "Description 2"; Value = "1000uF/16V - 470uF => 1000uF/25V - 100uF/100V"; VariantName = "[No Variations]"
Add component (AddParameter): Name = "Description 3"; Value = "330uF>470uF/35V_220uF>470uF/50V_10uF>22uF/250V"; VariantName = "[No Variations]"
Add component (AddParameter): Name = "Description 4"; Value = "220uF => 330uF/63V - 10uF =>33uF/160 - 200V"; VariantName = "[No Variations]"
Add component (AddParameter): Name = "Description 5"; Value = "4,7uF>10uF/250V_3,3uF>10uF/400V - 2,2uF>4,7uF/450V"; VariantName = "[No Variations]"
Add component (AddParameter): Name = "Value"; Value = "1000uF/16V"; VariantName = "[No Variations]"
Added Component: Designator=C2(330uF_35V_Alu)
Add component. Clean all parameters for all variants
Add component (AddParameter): Name = "Description 1"; Value = "2200uF-3300uF/6,3V - 1000uF-2200uF/10V"; VariantName = "[No Variations]"
Add component (AddParameter): Name = "Description 2"; Value = "1000uF/16V - 470uF => 1000uF/25V - 100uF/100V"; VariantName = "[No Variations]"
Add component (AddParameter): Name = "Description 3"; Value = "330uF>470uF/35V_220uF>470uF/50V_10uF>22uF/250V"; VariantName = "[No Variations]"
Add component (AddParameter): Name = "Description 4"; Value = "220uF => 330uF/63V - 10uF =>33uF/160 - 200V"; VariantName = "[No Variations]"
Add component (AddParameter): Name = "Description 5"; Value = "4,7uF>10uF/250V_3,3uF>10uF/400V - 2,2uF>4,7uF/450V"; VariantName = "[No Variations]"
Add component (AddParameter): Name = "Value"; Value = "1000uF/16V"; VariantName = "[No Variations]"
Added Component: Designator=C3(330uF_35V_Alu)
Add component. Clean all parameters for all variants
Add component (AddParameter): Name = "Description 1"; Value = "2200uF-3300uF/6,3V - 1000uF-2200uF/10V"; VariantName = "[No Variations]"
Add component (AddParameter): Name = "Description 2"; Value = "1000uF/16V - 470uF => 1000uF/25V - 100uF/100V"; VariantName = "[No Variations]"
Add component (AddParameter): Name = "Description 3"; Value = "330uF>470uF/35V_220uF>470uF/50V_10uF>22uF/250V"; VariantName = "[No Variations]"
Add component (AddParameter): Name = "Description 4"; Value = "220uF => 330uF/63V - 10uF =>33uF/160 - 200V"; VariantName = "[No Variations]"
Add component (AddParameter): Name = "Description 5"; Value = "4,7uF>10uF/250V_3,3uF>10uF/400V - 2,2uF>4,7uF/450V"; VariantName = "[No Variations]"
Add component (AddParameter): Name = "Value"; Value = "1000uF/16V"; VariantName = "[No Variations]"
Added Component: Designator=C4(SM-1206)
Add component. Clean all parameters for all variants
Add component (AddParameter): Name = "Value"; Value = "103"; VariantName = "[No Variations]"
Added Component: Designator=C5(CN3)
Add component. Clean all parameters for all variants
Add component (AddParameter): Name = "Copyright"; Value = "VanDungEvn"; VariantName = "[No Variations]"
Add component (AddParameter): Name = "Value"; Value = "0,047uF"; VariantName = "[No Variations]"
Added Component: Designator=C6(JP4-C1C)
Add component. Clean all parameters for all variants
Add component (AddParameter): Name = "ComponentLink1 Description"; Value = "Manufacturer"; VariantName = "[No Variations]"
Add component (AddParameter): Name = "ComponentLink1URL"; Value = "http://www.we-online.com"; VariantName = "[No Variations]"
Add component (AddParameter): Name = "ComponentLink2 Description"; Value = "Datasheet"; VariantName = "[No Variations]"
Add component (AddParameter): Name = "ComponentLink2URL"; Value = "http://katalog.we-online.de/em/datasheet/6130xx143121.pdf"; VariantName = "[No Variations]"
Add component (AddParameter): Name = "Created by"; Value = "Karrer Zheng"; VariantName = "[No Variations]"
Add component (AddParameter): Name = "Created Date"; Value = "29 March 2013"; VariantName = "[No Variations]"
Add component (AddParameter): Name = "Manufacturer"; Value = "W¨¹rth Elektronik eiSos GmbH"; VariantName = "[No Variations]"
Add component (AddParameter): Name = "NoPins"; Value = "04"; VariantName = "[No Variations]"
Add component (AddParameter): Name = "partNo"; Value = "613004143121"; VariantName = "[No Variations]"
Added Component: Designator=C7(JP4-C1C)
Add component. Clean all parameters for all variants
Add component (AddParameter): Name = "ComponentLink1 Description"; Value = "Manufacturer"; VariantName = "[No Variations]"
Add component (AddParameter): Name = "ComponentLink1URL"; Value = "http://www.we-online.com"; VariantName = "[No Variations]"
Add component (AddParameter): Name = "ComponentLink2 Description"; Value = "Datasheet"; VariantName = "[No Variations]"
Add component (AddParameter): Name = "ComponentLink2URL"; Value = "http://katalog.we-online.de/em/datasheet/6130xx143121.pdf"; VariantName = "[No Variations]"
Add component (AddParameter): Name = "Created by"; Value = "Karrer Zheng"; VariantName = "[No Variations]"
Add component (AddParameter): Name = "Created Date"; Value = "29 March 2013"; VariantName = "[No Variations]"
Add component (AddParameter): Name = "Manufacturer"; Value = "W¨¹rth Elektronik eiSos GmbH"; VariantName = "[No Variations]"
Add component (AddParameter): Name = "NoPins"; Value = "04"; VariantName = "[No Variations]"
Add component (AddParameter): Name = "partNo"; Value = "613004143121"; VariantName = "[No Variations]"
Added Component: Designator=C8(JP4-C1C)
Add component. Clean all parameters for all variants
Add component (AddParameter): Name = "ComponentLink1 Description"; Value = "Manufacturer"; VariantName = "[No Variations]"
Add component (AddParameter): Name = "ComponentLink1URL"; Value = "http://www.we-online.com"; VariantName = "[No Variations]"
Add component (AddParameter): Name = "ComponentLink2 Description"; Value = "Datasheet"; VariantName = "[No Variations]"
Add component (AddParameter): Name = "ComponentLink2URL"; Value = "http://katalog.we-online.de/em/datasheet/6130xx143121.pdf"; VariantName = "[No Variations]"
Add component (AddParameter): Name = "Created by"; Value = "Karrer Zheng"; VariantName = "[No Variations]"
Add component (AddParameter): Name = "Created Date"; Value = "29 March 2013"; VariantName = "[No Variations]"
Add component (AddParameter): Name = "Manufacturer"; Value = "W¨¹rth Elektronik eiSos GmbH"; VariantName = "[No Variations]"
Add component (AddParameter): Name = "NoPins"; Value = "04"; VariantName = "[No Variations]"
Add component (AddParameter): Name = "partNo"; Value = "613004143121"; VariantName = "[No Variations]"
Added Component: Designator=Cx1(CN-SMD-1206)
Add component. Clean all parameters for all variants
Add component (AddParameter): Name = "Value"; Value = "33pF"; VariantName = "[No Variations]"
Added Component: Designator=Cx2(CN-SMD-1206)
Add component. Clean all parameters for all variants
Add component (AddParameter): Name = "Value"; Value = "33pF"; VariantName = "[No Variations]"
Added Component: Designator=D1(DIODE SMA)
Add component. Clean all parameters for all variants
Add component (AddParameter): Name = "Chung_Loai"; Value = "Dán"; VariantName = "[No Variations]"
Add component (AddParameter): Name = "Don_Vi"; Value = "Con"; VariantName = "[No Variations]"
Add component (AddParameter): Name = "Ghi_Chu"; Value = ""; VariantName = "[No Variations]"
Add component (AddParameter): Name = "Kieu_Chan"; Value = ""; VariantName = "[No Variations]"
Add component (AddParameter): Name = "Ma_Hang"; Value = "MH002104"; VariantName = "[No Variations]"
Add component (AddParameter): Name = "Ten_Linh_Kien"; Value = "Diode SS34 3A 40V SMA ( 1N5822 SS34A)"; VariantName = "[No Variations]"
Added Component: Designator=D2(DIODE SMA)
Add component. Clean all parameters for all variants
Add component (AddParameter): Name = "Chung_Loai"; Value = "Dán"; VariantName = "[No Variations]"
Add component (AddParameter): Name = "Don_Vi"; Value = "Con"; VariantName = "[No Variations]"
Add component (AddParameter): Name = "Ghi_Chu"; Value = ""; VariantName = "[No Variations]"
Add component (AddParameter): Name = "Kieu_Chan"; Value = ""; VariantName = "[No Variations]"
Add component (AddParameter): Name = "Ma_Hang"; Value = "MH000944"; VariantName = "[No Variations]"
Add component (AddParameter): Name = "Ten_Linh_Kien"; Value = "Diode M7 1N4007 SMD 1A 1000V"; VariantName = "[No Variations]"
Added Component: Designator=D3(D1A)
Add component. Clean all parameters for all variants
Add component (AddParameter): Name = "Value"; Value = "1N4007"; VariantName = "[No Variations]"
Added Component: Designator=HD1(HED2T)
Add component. Clean all parameters for all variants
Add component (AddParameter): Name = "Value"; Value = "Header 2"; VariantName = "[No Variations]"
Added Component: Designator=JP1(JP6H)
Add component. Clean all parameters for all variants
Add component (AddParameter): Name = "Value"; Value = "JP7"; VariantName = "[No Variations]"
Added Component: Designator=L1(L-SMD-M-12x10)
Add component. Clean all parameters for all variants
Add component (AddParameter): Name = "ComponentLink1Description"; Value = "Manufacturer"; VariantName = "[No Variations]"
Add component (AddParameter): Name = "ComponentLink1URL"; Value = "http://www.we-online.de"; VariantName = "[No Variations]"
Add component (AddParameter): Name = "ComponentLink2Description"; Value = "Datasheet"; VariantName = "[No Variations]"
Add component (AddParameter): Name = "ComponentLink2URL"; Value = "http://katalog.we-online.de/pbs/datasheet/78477010.pdf"; VariantName = "[No Variations]"
Add component (AddParameter): Name = "Created by"; Value = "Baojun Chen"; VariantName = "[No Variations]"
Add component (AddParameter): Name = "Created Date"; Value = "Nov.2015"; VariantName = "[No Variations]"
Add component (AddParameter): Name = "Inductance"; Value = "1.0 µH"; VariantName = "[No Variations]"
Add component (AddParameter): Name = "Manufacturer"; Value = "Wurth Elektronik"; VariantName = "[No Variations]"
Add component (AddParameter): Name = "partNo"; Value = "78477010"; VariantName = "[No Variations]"
Added Component: Designator=LED1(SM-LED-1206-Blue)
Add component. Clean all parameters for all variants
Added Component: Designator=LM1(TO263-5)
Add component. Clean all parameters for all variants
Add component (AddParameter): Name = "Chung_Loai"; Value = "Dán"; VariantName = "[No Variations]"
Add component (AddParameter): Name = "Don_Vi"; Value = "Con"; VariantName = "[No Variations]"
Add component (AddParameter): Name = "Ghi_Chu"; Value = ""; VariantName = "[No Variations]"
Add component (AddParameter): Name = "Kieu_Chan"; Value = ""; VariantName = "[No Variations]"
Add component (AddParameter): Name = "Ma_Hang"; Value = "MH002369"; VariantName = "[No Variations]"
Add component (AddParameter): Name = "Ten_Linh_Kien"; Value = "LM2576HVS-12V BUCK 12V 3A TO263-5"; VariantName = "[No Variations]"
Added Component: Designator=P1(DOMINO 2PIN PLUG FEMALE.CAOVANHUONG)
Add component. Clean all parameters for all variants
Add component (AddParameter): Name = "LatestRevisionDate"; Value = "17-Jul-2002"; VariantName = "[No Variations]"
Add component (AddParameter): Name = "LatestRevisionNote"; Value = "Re-released for DXP Platform."; VariantName = "[No Variations]"
Add component (AddParameter): Name = "Publisher"; Value = "Altium Limited"; VariantName = "[No Variations]"
Added Component: Designator=Q1(QTO-220)
Add component. Clean all parameters for all variants
Add component (AddParameter): Name = "Value"; Value = "IRF840"; VariantName = "[No Variations]"
Added Component: Designator=R1(SM-RES-1206)
Add component. Clean all parameters for all variants
Add component (AddParameter): Name = "Value"; Value = "R1/4W - 1K"; VariantName = "[No Variations]"
Added Component: Designator=R2(SM-RES-1206)
Add component. Clean all parameters for all variants
Add component (AddParameter): Name = "Value"; Value = "R1/4W - 1K"; VariantName = "[No Variations]"
Added Component: Designator=R3(SM-RES-1206)
Add component. Clean all parameters for all variants
Add component (AddParameter): Name = "Value"; Value = "R1/4W - 1K"; VariantName = "[No Variations]"
Added Component: Designator=R4(R1/4W)
Add component. Clean all parameters for all variants
Add component (AddParameter): Name = "Class"; Value = "Passive"; VariantName = "[No Variations]"
Add component (AddParameter): Name = "Manufacturer"; Value = "Generic Components"; VariantName = "[No Variations]"
Add component (AddParameter): Name = "Published"; Value = "08/06/2000"; VariantName = "[No Variations]"
Add component (AddParameter): Name = "Publisher"; Value = "Altium Hobart Technology Centre"; VariantName = "[No Variations]"
Add component (AddParameter): Name = "SubClass"; Value = "Resistor"; VariantName = "[No Variations]"
Add component (AddParameter): Name = "Value"; Value = "330"; VariantName = "[No Variations]"
Added Component: Designator=R5(R1/4W)
Add component. Clean all parameters for all variants
Add component (AddParameter): Name = "Class"; Value = "Passive"; VariantName = "[No Variations]"
Add component (AddParameter): Name = "Manufacturer"; Value = "Generic Components"; VariantName = "[No Variations]"
Add component (AddParameter): Name = "Published"; Value = "08/06/2000"; VariantName = "[No Variations]"
Add component (AddParameter): Name = "Publisher"; Value = "Altium Hobart Technology Centre"; VariantName = "[No Variations]"
Add component (AddParameter): Name = "SubClass"; Value = "Resistor"; VariantName = "[No Variations]"
Add component (AddParameter): Name = "Value"; Value = "4K7"; VariantName = "[No Variations]"
Added Component: Designator=R6(R1/4W)
Add component. Clean all parameters for all variants
Add component (AddParameter): Name = "Class"; Value = "Passive"; VariantName = "[No Variations]"
Add component (AddParameter): Name = "Manufacturer"; Value = "Generic Components"; VariantName = "[No Variations]"
Add component (AddParameter): Name = "Published"; Value = "08/06/2000"; VariantName = "[No Variations]"
Add component (AddParameter): Name = "Publisher"; Value = "Altium Hobart Technology Centre"; VariantName = "[No Variations]"
Add component (AddParameter): Name = "SubClass"; Value = "Resistor"; VariantName = "[No Variations]"
Add component (AddParameter): Name = "Value"; Value = "10K"; VariantName = "[No Variations]"
Added Component: Designator=SW1(SW1-SMD)
Add component. Clean all parameters for all variants
Add component (AddParameter): Name = "Value"; Value = "SW chip 2 pin"; VariantName = "[No Variations]"
Added Component: Designator=SW2(SW1-SMD)
Add component. Clean all parameters for all variants
Add component (AddParameter): Name = "Value"; Value = "SW chip 2 pin"; VariantName = "[No Variations]"
Added Component: Designator=U1(SOT223-4.CAOVANHUONG)
Add component. Clean all parameters for all variants
Add component (AddParameter): Name = "Creator"; Value = "Nguyen Ba Bien"; VariantName = "[No Variations]"
Add component (AddParameter): Name = "Website"; Value = "http://group3i.net"; VariantName = "[No Variations]"
Added Component: Designator=U2(MODULE_ESP32-WROOM-32)
Add component. Clean all parameters for all variants
Add component (AddParameter): Name = "Availability"; Value = "In Stock"; VariantName = "[No Variations]"
Add component (AddParameter): Name = "Check_prices"; Value = "https://www.snapeda.com/parts/ESP32-WROOM-32/Espressif+Systems/view-part/?ref=eda"; VariantName = "[No Variations]"
Add component (AddParameter): Name = "MF"; Value = "Espressif Systems"; VariantName = "[No Variations]"
Add component (AddParameter): Name = "MP"; Value = "ESP32-WROOM-32"; VariantName = "[No Variations]"
Add component (AddParameter): Name = "Package"; Value = "Module Espressif Systems"; VariantName = "[No Variations]"
Add component (AddParameter): Name = "Price"; Value = "None"; VariantName = "[No Variations]"
Add component (AddParameter): Name = "Purchase-URL"; Value = "https://pricing.snapeda.com/search/part/ESP32-WROOM-32/?ref=eda"; VariantName = "[No Variations]"
Add component (AddParameter): Name = "SnapEDA_Link"; Value = "https://www.snapeda.com/parts/ESP32-WROOM-32/Espressif+Systems/view-part/?ref=snap"; VariantName = "[No Variations]"
Add component (AddParameter): Name = "Value"; Value = ""; VariantName = "[No Variations]"
Added Component: Designator=U3(DIP4/W0.3)
Add component. Clean all parameters for all variants
Add component (AddParameter): Name = "Value"; Value = "PC817"; VariantName = "[No Variations]"
Added Pin To Net: NetName=+5V Pin=C3-1
Added Pin To Net: NetName=+5V Pin=C6-1
Added Pin To Net: NetName=+5V Pin=C7-1
Added Pin To Net: NetName=+5V Pin=C8-1
Added Pin To Net: NetName=+5V Pin=Cx1-2
Added Pin To Net: NetName=+5V Pin=D2-1
Added Pin To Net: NetName=+5V Pin=L1-2
Added Pin To Net: NetName=+5V Pin=LM1-4
Added Pin To Net: NetName=+5V Pin=U1-3
Added Net: Name=+5V
Added Pin To Net: NetName=+12 Pin=C1-1
Added Pin To Net: NetName=+12 Pin=C5-2
Added Pin To Net: NetName=+12 Pin=D3-2
Added Pin To Net: NetName=+12 Pin=HD1-1
Added Pin To Net: NetName=+12 Pin=LM1-1
Added Pin To Net: NetName=+12 Pin=LM1-1
Added Pin To Net: NetName=+12 Pin=P1-1
Added Pin To Net: NetName=+12 Pin=U3-4
Added Net: Name=+12
Added Pin To Net: NetName=3V3 Pin=C2-1
Added Pin To Net: NetName=3V3 Pin=C4-1
Added Pin To Net: NetName=3V3 Pin=Cx2-2
Added Pin To Net: NetName=3V3 Pin=R1-1
Added Pin To Net: NetName=3V3 Pin=R2-2
Added Pin To Net: NetName=3V3 Pin=R3-2
Added Pin To Net: NetName=3V3 Pin=U1-2
Added Pin To Net: NetName=3V3 Pin=U1-4
Added Pin To Net: NetName=3V3 Pin=U2-2
Added Net: Name=3V3
Added Pin To Net: NetName=EN Pin=JP1-5
Added Pin To Net: NetName=EN Pin=R2-1
Added Pin To Net: NetName=EN Pin=SW1-1
Added Pin To Net: NetName=EN Pin=U2-3
Added Net: Name=EN
Added Pin To Net: NetName=GND Pin=C1-2
Added Pin To Net: NetName=GND Pin=C2-2
Added Pin To Net: NetName=GND Pin=C3-2
Added Pin To Net: NetName=GND Pin=C4-2
Added Pin To Net: NetName=GND Pin=C6-2
Added Pin To Net: NetName=GND Pin=C7-2
Added Pin To Net: NetName=GND Pin=C8-2
Added Pin To Net: NetName=GND Pin=Cx1-1
Added Pin To Net: NetName=GND Pin=Cx2-1
Added Pin To Net: NetName=GND Pin=D1-1
Added Pin To Net: NetName=GND Pin=JP1-2
Added Pin To Net: NetName=GND Pin=LED1-2
Added Pin To Net: NetName=GND Pin=LM1-3
Added Pin To Net: NetName=GND Pin=LM1-5
Added Pin To Net: NetName=GND Pin=P1-2
Added Pin To Net: NetName=GND Pin=Q1-3
Added Pin To Net: NetName=GND Pin=R6-1
Added Pin To Net: NetName=GND Pin=SW1-2
Added Pin To Net: NetName=GND Pin=SW2-2
Added Pin To Net: NetName=GND Pin=U1-1
Added Pin To Net: NetName=GND Pin=U2-1
Added Pin To Net: NetName=GND Pin=U2-15
Added Pin To Net: NetName=GND Pin=U2-38
Added Pin To Net: NetName=GND Pin=U2-39_1
Added Pin To Net: NetName=GND Pin=U2-39_2
Added Pin To Net: NetName=GND Pin=U2-39_3
Added Pin To Net: NetName=GND Pin=U2-39_4
Added Pin To Net: NetName=GND Pin=U2-39_5
Added Pin To Net: NetName=GND Pin=U2-39_6
Added Pin To Net: NetName=GND Pin=U2-39_7
Added Pin To Net: NetName=GND Pin=U2-39_8
Added Pin To Net: NetName=GND Pin=U2-39_9
Added Pin To Net: NetName=GND Pin=U2-39_10
Added Pin To Net: NetName=GND Pin=U2-39_11
Added Pin To Net: NetName=GND Pin=U2-39_12
Added Pin To Net: NetName=GND Pin=U2-39_13
Added Pin To Net: NetName=GND Pin=U2-39_14
Added Pin To Net: NetName=GND Pin=U2-39_15
Added Pin To Net: NetName=GND Pin=U2-39_16
Added Pin To Net: NetName=GND Pin=U2-39_17
Added Pin To Net: NetName=GND Pin=U2-39_18
Added Pin To Net: NetName=GND Pin=U2-39_19
Added Pin To Net: NetName=GND Pin=U2-39_20
Added Pin To Net: NetName=GND Pin=U2-39_21
Added Pin To Net: NetName=GND Pin=U3-2
Added Net: Name=GND
Added Pin To Net: NetName=GPIO0 Pin=JP1-6
Added Pin To Net: NetName=GPIO0 Pin=R3-1
Added Pin To Net: NetName=GPIO0 Pin=SW2-1
Added Pin To Net: NetName=GPIO0 Pin=U2-25
Added Net: Name=GPIO0
Added Pin To Net: NetName=IO13 Pin=U2-16
Added Net: Name=IO13
Added Pin To Net: NetName=IO14 Pin=R4-1
Added Pin To Net: NetName=IO14 Pin=U2-13
Added Net: Name=IO14
Added Pin To Net: NetName=IO16 Pin=U2-27
Added Net: Name=IO16
Added Pin To Net: NetName=IO17 Pin=U2-28
Added Net: Name=IO17
Added Pin To Net: NetName=IO18 Pin=U2-30
Added Net: Name=IO18
Added Pin To Net: NetName=IO19 Pin=U2-31
Added Net: Name=IO19
Added Pin To Net: NetName=IO23 Pin=U2-37
Added Net: Name=IO23
Added Pin To Net: NetName=IO25 Pin=C8-3
Added Pin To Net: NetName=IO25 Pin=U2-10
Added Net: Name=IO25
Added Pin To Net: NetName=IO26 Pin=C6-3
Added Pin To Net: NetName=IO26 Pin=U2-11
Added Net: Name=IO26
Added Pin To Net: NetName=IO27 Pin=C7-3
Added Pin To Net: NetName=IO27 Pin=U2-12
Added Net: Name=IO27
Added Pin To Net: NetName=IO32 Pin=U2-8
Added Net: Name=IO32
Added Pin To Net: NetName=IO33 Pin=U2-9
Added Net: Name=IO33
Added Pin To Net: NetName=IO34 Pin=U2-6
Added Net: Name=IO34
Added Pin To Net: NetName=IO35 Pin=U2-7
Added Net: Name=IO35
Added Pin To Net: NetName=NetC5_1 Pin=C5-1
Added Pin To Net: NetName=NetC5_1 Pin=D3-1
Added Pin To Net: NetName=NetC5_1 Pin=HD1-2
Added Pin To Net: NetName=NetC5_1 Pin=Q1-2
Added Net: Name=NetC5_1
Added Pin To Net: NetName=NetD1_2 Pin=D1-2
Added Pin To Net: NetName=NetD1_2 Pin=L1-1
Added Pin To Net: NetName=NetD1_2 Pin=LM1-2
Added Net: Name=NetD1_2
Added Pin To Net: NetName=NetD2_2 Pin=D2-2
Added Pin To Net: NetName=NetD2_2 Pin=JP1-1
Added Net: Name=NetD2_2
Added Pin To Net: NetName=NetLED1_1 Pin=LED1-1
Added Pin To Net: NetName=NetLED1_1 Pin=R1-2
Added Net: Name=NetLED1_1
Added Pin To Net: NetName=NetQ1_1 Pin=Q1-1
Added Pin To Net: NetName=NetQ1_1 Pin=R5-2
Added Pin To Net: NetName=NetQ1_1 Pin=R6-2
Added Net: Name=NetQ1_1
Added Pin To Net: NetName=NetR4_2 Pin=R4-2
Added Pin To Net: NetName=NetR4_2 Pin=U3-1
Added Net: Name=NetR4_2
Added Pin To Net: NetName=NetR5_1 Pin=R5-1
Added Pin To Net: NetName=NetR5_1 Pin=U3-3
Added Net: Name=NetR5_1
Added Pin To Net: NetName=RX0_ESP Pin=JP1-4
Added Pin To Net: NetName=RX0_ESP Pin=U2-34
Added Net: Name=RX0_ESP
Added Pin To Net: NetName=SCL Pin=U2-36
Added Net: Name=SCL
Added Pin To Net: NetName=SDA Pin=U2-33
Added Net: Name=SDA
Added Pin To Net: NetName=SS_PIN1 Pin=U2-29
Added Net: Name=SS_PIN1
Added Pin To Net: NetName=TX0_ESP Pin=JP1-3
Added Pin To Net: NetName=TX0_ESP Pin=U2-35
Added Net: Name=TX0_ESP
Added Class: Name=ESP 32 BANG TAI
Added Room: Name=ESP 32 BANG TAI
